# JRE version: Java(TM) SE Runtime Environment (19.0.1+10) (build 19.0.1+10-21)
# Java VM: Java HotSpot(TM) 64-Bit Server VM (19.0.1+10-21, mixed mode, sharing, tiered, compressed oops, compressed class ptrs, g1 gc, windows-amd64)
GC Precious Log:
 CardTable entry size: 512
 Card Set container configuration: InlinePtr #cards 5 size 8 Array Of Cards #cards 12 size 40 Howl #buckets 4 coarsen threshold 1843 Howl Bitmap #cards 512 size 80 coarsen threshold 460 Card regions per heap region 1 cards per card region 2048
 CPUs: 12 total, 12 available
 Memory: 7940M
 Large Page Support: Disabled
 NUMA Support: Disabled
 Compressed Oops: Enabled (32-bit)
 Heap Region Size: 1M
 Heap Min Capacity: 8M
 Heap Initial Capacity: 126M
 Heap Max Capacity: 1986M
 Pre-touch: Disabled
 Parallel Workers: 10
 Concurrent Workers: 3
 Concurrent Refinement Workers: 10
 Periodic GC: Disabled
Heap:
 garbage-first heap   total 314368K, used 111167K [0x0000000083e00000, 0x0000000100000000)
  region size 1024K, 21 young (21504K), 4 survivors (4096K)
 Metaspace       used 43407K, committed 43904K, reserved 1114112K
  class space    used 5594K, committed 5824K, reserved 1048576K
GC Heap History (20 events):
Event: 16.428 GC heap before
{Heap before GC invocations=20 (full 0):
 garbage-first heap   total 307200K, used 278638K [0x0000000083e00000, 0x0000000100000000)
  region size 1024K, 132 young (135168K), 16 survivors (16384K)
 Metaspace       used 39638K, committed 40128K, reserved 1114112K
  class space    used 5288K, committed 5504K, reserved 1048576K
}
Event: 16.436 GC heap after
{Heap after GC invocations=21 (full 0):
 garbage-first heap   total 307200K, used 103054K [0x0000000083e00000, 0x0000000100000000)
  region size 1024K, 6 young (6144K), 6 survivors (6144K)
 Metaspace       used 39638K, committed 40128K, reserved 1114112K
  class space    used 5288K, committed 5504K, reserved 1048576K
}
Event: 16.613 GC heap before
{Heap before GC invocations=21 (full 0):
 garbage-first heap   total 307200K, used 124558K [0x0000000083e00000, 0x0000000100000000)
  region size 1024K, 15 young (15360K), 6 survivors (6144K)
 Metaspace       used 39653K, committed 40128K, reserved 1114112K
  class space    used 5288K, committed 5504K, reserved 1048576K
}
Event: 16.616 GC heap after
{Heap after GC invocations=22 (full 0):
 garbage-first heap   total 307200K, used 85842K [0x0000000083e00000, 0x0000000100000000)
  region size 1024K, 1 young (1024K), 1 survivors (1024K)
 Metaspace       used 39653K, committed 40128K, reserved 1114112K
  class space    used 5288K, committed 5504K, reserved 1048576K
}
Event: 18.599 GC heap before
{Heap before GC invocations=22 (full 0):
 garbage-first heap   total 307200K, used 123730K [0x0000000083e00000, 0x0000000100000000)
  region size 1024K, 40 young (40960K), 1 survivors (1024K)
 Metaspace       used 39857K, committed 40320K, reserved 1114112K
  class space    used 5289K, committed 5504K, reserved 1048576K
}
Event: 18.602 GC heap after
{Heap after GC invocations=23 (full 0):
 garbage-first heap   total 307200K, used 88154K [0x0000000083e00000, 0x0000000100000000)
  region size 1024K, 4 young (4096K), 4 survivors (4096K)
 Metaspace       used 39857K, committed 40320K, reserved 1114112K
  class space    used 5289K, committed 5504K, reserved 1048576K
}
Event: 19.215 GC heap before
{Heap before GC invocations=24 (full 0):
 garbage-first heap   total 304128K, used 133210K [0x0000000083e00000, 0x0000000100000000)
  region size 1024K, 16 young (16384K), 4 survivors (4096K)
 Metaspace       used 39972K, committed 40448K, reserved 1114112K
  class space    used 5290K, committed 5504K, reserved 1048576K
}
Event: 19.218 GC heap after
{Heap after GC invocations=25 (full 0):
 garbage-first heap   total 304128K, used 88751K [0x0000000083e00000, 0x0000000100000000)
  region size 1024K, 4 young (4096K), 4 survivors (4096K)
 Metaspace       used 39972K, committed 40448K, reserved 1114112K
  class space    used 5290K, committed 5504K, reserved 1048576K
}
Event: 23.819 GC heap before
{Heap before GC invocations=26 (full 0):
 garbage-first heap   total 304128K, used 301743K [0x0000000083e00000, 0x0000000100000000)
  region size 1024K, 73 young (74752K), 4 survivors (4096K)
 Metaspace       used 41382K, committed 41856K, reserved 1114112K
  class space    used 5459K, committed 5696K, reserved 1048576K
}
Event: 23.830 GC heap after
{Heap after GC invocations=27 (full 0):
 garbage-first heap   total 314368K, used 96437K [0x0000000083e00000, 0x0000000100000000)
  region size 1024K, 10 young (10240K), 10 survivors (10240K)
 Metaspace       used 41382K, committed 41856K, reserved 1114112K
  class space    used 5459K, committed 5696K, reserved 1048576K
}
Event: 24.070 GC heap before
{Heap before GC invocations=27 (full 0):
 garbage-first heap   total 314368K, used 100533K [0x0000000083e00000, 0x0000000100000000)
  region size 1024K, 15 young (15360K), 10 survivors (10240K)
 Metaspace       used 42700K, committed 43200K, reserved 1114112K
  class space    used 5579K, committed 5824K, reserved 1048576K
}
Event: 24.078 GC heap after
{Heap after GC invocations=28 (full 0):
 garbage-first heap   total 314368K, used 97279K [0x0000000083e00000, 0x0000000100000000)
  region size 1024K, 2 young (2048K), 2 survivors (2048K)
 Metaspace       used 42700K, committed 43200K, reserved 1114112K
  class space    used 5579K, committed 5824K, reserved 1048576K
}
Event: 31.854 GC heap before
{Heap before GC invocations=29 (full 0):
 garbage-first heap   total 314368K, used 273407K [0x0000000083e00000, 0x0000000100000000)
  region size 1024K, 70 young (71680K), 2 survivors (2048K)
 Metaspace       used 43179K, committed 43648K, reserved 1114112K
  class space    used 5593K, committed 5824K, reserved 1048576K
}
Event: 31.858 GC heap after
{Heap after GC invocations=30 (full 0):
 garbage-first heap   total 314368K, used 93668K [0x0000000083e00000, 0x0000000100000000)
  region size 1024K, 3 young (3072K), 3 survivors (3072K)
 Metaspace       used 43179K, committed 43648K, reserved 1114112K
  class space    used 5593K, committed 5824K, reserved 1048576K
}
Event: 31.932 GC heap before
{Heap before GC invocations=31 (full 0):
 garbage-first heap   total 314368K, used 94692K [0x0000000083e00000, 0x0000000100000000)
  region size 1024K, 5 young (5120K), 3 survivors (3072K)
 Metaspace       used 43181K, committed 43648K, reserved 1114112K
  class space    used 5593K, committed 5824K, reserved 1048576K
}
Event: 31.936 GC heap after
{Heap after GC invocations=32 (full 0):
 garbage-first heap   total 314368K, used 93583K [0x0000000083e00000, 0x0000000100000000)
  region size 1024K, 3 young (3072K), 3 survivors (3072K)
 Metaspace       used 43181K, committed 43648K, reserved 1114112K
  class space    used 5593K, committed 5824K, reserved 1048576K
}
Event: 33.914 GC heap before
{Heap before GC invocations=33 (full 0):
 garbage-first heap   total 314368K, used 95631K [0x0000000083e00000, 0x0000000100000000)
  region size 1024K, 6 young (6144K), 3 survivors (3072K)
 Metaspace       used 43190K, committed 43648K, reserved 1114112K
  class space    used 5593K, committed 5824K, reserved 1048576K
}
Event: 33.917 GC heap after
{Heap after GC invocations=34 (full 0):
 garbage-first heap   total 314368K, used 93623K [0x0000000083e00000, 0x0000000100000000)
  region size 1024K, 3 young (3072K), 3 survivors (3072K)
 Metaspace       used 43190K, committed 43648K, reserved 1114112K
  class space    used 5593K, committed 5824K, reserved 1048576K
}
Event: 79.196 GC heap before
{Heap before GC invocations=35 (full 0):
 garbage-first heap   total 314368K, used 144823K [0x0000000083e00000, 0x0000000100000000)
  region size 1024K, 55 young (56320K), 3 survivors (3072K)
 Metaspace       used 43391K, committed 43904K, reserved 1114112K
  class space    used 5594K, committed 5824K, reserved 1048576K
}
Event: 79.202 GC heap after
{Heap after GC invocations=36 (full 0):
 garbage-first heap   total 314368K, used 94783K [0x0000000083e00000, 0x0000000100000000)
  region size 1024K, 4 young (4096K), 4 survivors (4096K)
 Metaspace       used 43391K, committed 43904K, reserved 1114112K
  class space    used 5594K, committed 5824K, reserved 1048576K
}

