# JRE version: Java(TM) SE Runtime Environment (19.0.1+10) (build 19.0.1+10-21)
# Java VM: Java HotSpot(TM) 64-Bit Server VM (19.0.1+10-21, mixed mode, sharing, tiered, compressed oops, compressed class ptrs, g1 gc, windows-amd64)
GC Precious Log:
 CardTable entry size: 512
 Card Set container configuration: InlinePtr #cards 5 size 8 Array Of Cards #cards 12 size 40 Howl #buckets 4 coarsen threshold 1843 Howl Bitmap #cards 512 size 80 coarsen threshold 460 Card regions per heap region 1 cards per card region 2048
 CPUs: 12 total, 12 available
 Memory: 7940M
 Large Page Support: Disabled
 NUMA Support: Disabled
 Compressed Oops: Enabled (32-bit)
 Heap Region Size: 1M
 Heap Min Capacity: 8M
 Heap Initial Capacity: 126M
 Heap Max Capacity: 1986M
 Pre-touch: Disabled
 Parallel Workers: 10
 Concurrent Workers: 3
 Concurrent Refinement Workers: 10
 Periodic GC: Disabled
Heap:
 garbage-first heap   total 239616K, used 92794K [0x0000000083e00000, 0x0000000100000000)
  region size 1024K, 19 young (19456K), 8 survivors (8192K)
 Metaspace       used 45629K, committed 46144K, reserved 1114112K
  class space    used 5770K, committed 6016K, reserved 1048576K
GC Heap History (20 events):
Event: 60.825 GC heap before
{Heap before GC invocations=37 (full 0):
 garbage-first heap   total 239616K, used 76107K [0x0000000083e00000, 0x0000000100000000)
  region size 1024K, 11 young (11264K), 9 survivors (9216K)
 Metaspace       used 44427K, committed 44928K, reserved 1114112K
  class space    used 5737K, committed 5952K, reserved 1048576K
}
Event: 60.844 GC heap after
{Heap after GC invocations=38 (full 0):
 garbage-first heap   total 239616K, used 71405K [0x0000000083e00000, 0x0000000100000000)
  region size 1024K, 2 young (2048K), 2 survivors (2048K)
 Metaspace       used 44427K, committed 44928K, reserved 1114112K
  class space    used 5737K, committed 5952K, reserved 1048576K
}
Event: 62.130 GC heap before
{Heap before GC invocations=38 (full 0):
 garbage-first heap   total 239616K, used 205549K [0x0000000083e00000, 0x0000000100000000)
  region size 1024K, 134 young (137216K), 2 survivors (2048K)
 Metaspace       used 44438K, committed 44928K, reserved 1114112K
  class space    used 5737K, committed 5952K, reserved 1048576K
}
Event: 62.131 GC heap after
{Heap after GC invocations=39 (full 0):
 garbage-first heap   total 239616K, used 70522K [0x0000000083e00000, 0x0000000100000000)
  region size 1024K, 1 young (1024K), 1 survivors (1024K)
 Metaspace       used 44438K, committed 44928K, reserved 1114112K
  class space    used 5737K, committed 5952K, reserved 1048576K
}
Event: 67.969 GC heap before
{Heap before GC invocations=39 (full 0):
 garbage-first heap   total 239616K, used 206714K [0x0000000083e00000, 0x0000000100000000)
  region size 1024K, 135 young (138240K), 1 survivors (1024K)
 Metaspace       used 44455K, committed 44992K, reserved 1114112K
  class space    used 5740K, committed 5952K, reserved 1048576K
}
Event: 67.975 GC heap after
{Heap after GC invocations=40 (full 0):
 garbage-first heap   total 239616K, used 70490K [0x0000000083e00000, 0x0000000100000000)
  region size 1024K, 1 young (1024K), 1 survivors (1024K)
 Metaspace       used 44455K, committed 44992K, reserved 1114112K
  class space    used 5740K, committed 5952K, reserved 1048576K
}
Event: 75.362 GC heap before
{Heap before GC invocations=40 (full 0):
 garbage-first heap   total 239616K, used 95066K [0x0000000083e00000, 0x0000000100000000)
  region size 1024K, 26 young (26624K), 1 survivors (1024K)
 Metaspace       used 44549K, committed 45056K, reserved 1114112K
  class space    used 5740K, committed 5952K, reserved 1048576K
}
Event: 75.364 GC heap after
{Heap after GC invocations=41 (full 0):
 garbage-first heap   total 239616K, used 70753K [0x0000000083e00000, 0x0000000100000000)
  region size 1024K, 1 young (1024K), 1 survivors (1024K)
 Metaspace       used 44549K, committed 45056K, reserved 1114112K
  class space    used 5740K, committed 5952K, reserved 1048576K
}
Event: 93.859 GC heap before
{Heap before GC invocations=42 (full 0):
 garbage-first heap   total 239616K, used 113761K [0x0000000083e00000, 0x0000000100000000)
  region size 1024K, 45 young (46080K), 1 survivors (1024K)
 Metaspace       used 44761K, committed 45312K, reserved 1114112K
  class space    used 5751K, committed 6016K, reserved 1048576K
}
Event: 93.863 GC heap after
{Heap after GC invocations=43 (full 0):
 garbage-first heap   total 239616K, used 72134K [0x0000000083e00000, 0x0000000100000000)
  region size 1024K, 2 young (2048K), 2 survivors (2048K)
 Metaspace       used 44761K, committed 45312K, reserved 1114112K
  class space    used 5751K, committed 6016K, reserved 1048576K
}
Event: 108.157 GC heap before
{Heap before GC invocations=44 (full 0):
 garbage-first heap   total 239616K, used 108998K [0x0000000083e00000, 0x0000000100000000)
  region size 1024K, 40 young (40960K), 2 survivors (2048K)
 Metaspace       used 45086K, committed 45568K, reserved 1114112K
  class space    used 5767K, committed 6016K, reserved 1048576K
}
Event: 108.162 GC heap after
{Heap after GC invocations=45 (full 0):
 garbage-first heap   total 239616K, used 73375K [0x0000000083e00000, 0x0000000100000000)
  region size 1024K, 4 young (4096K), 4 survivors (4096K)
 Metaspace       used 45086K, committed 45568K, reserved 1114112K
  class space    used 5767K, committed 6016K, reserved 1048576K
}
Event: 122.838 GC heap before
{Heap before GC invocations=46 (full 0):
 garbage-first heap   total 239616K, used 145055K [0x0000000083e00000, 0x0000000100000000)
  region size 1024K, 75 young (76800K), 4 survivors (4096K)
 Metaspace       used 45156K, committed 45696K, reserved 1114112K
  class space    used 5768K, committed 6016K, reserved 1048576K
}
Event: 122.842 GC heap after
{Heap after GC invocations=47 (full 0):
 garbage-first heap   total 239616K, used 73099K [0x0000000083e00000, 0x0000000100000000)
  region size 1024K, 3 young (3072K), 3 survivors (3072K)
 Metaspace       used 45156K, committed 45696K, reserved 1114112K
  class space    used 5768K, committed 6016K, reserved 1048576K
}
Event: 180.264 GC heap before
{Heap before GC invocations=48 (full 0):
 garbage-first heap   total 239616K, used 132491K [0x0000000083e00000, 0x0000000100000000)
  region size 1024K, 63 young (64512K), 3 survivors (3072K)
 Metaspace       used 45404K, committed 45952K, reserved 1114112K
  class space    used 5769K, committed 6016K, reserved 1048576K
}
Event: 180.282 GC heap after
{Heap after GC invocations=49 (full 0):
 garbage-first heap   total 239616K, used 77395K [0x0000000083e00000, 0x0000000100000000)
  region size 1024K, 8 young (8192K), 8 survivors (8192K)
 Metaspace       used 45404K, committed 45952K, reserved 1114112K
  class space    used 5769K, committed 6016K, reserved 1048576K
}
Event: 348.828 GC heap before
{Heap before GC invocations=50 (full 0):
 garbage-first heap   total 239616K, used 175699K [0x0000000083e00000, 0x0000000100000000)
  region size 1024K, 101 young (103424K), 8 survivors (8192K)
 Metaspace       used 45561K, committed 46144K, reserved 1114112K
  class space    used 5769K, committed 6016K, reserved 1048576K
}
Event: 348.834 GC heap after
{Heap after GC invocations=51 (full 0):
 garbage-first heap   total 239616K, used 84200K [0x0000000083e00000, 0x0000000100000000)
  region size 1024K, 9 young (9216K), 9 survivors (9216K)
 Metaspace       used 45561K, committed 46144K, reserved 1114112K
  class space    used 5769K, committed 6016K, reserved 1048576K
}
Event: 545.979 GC heap before
{Heap before GC invocations=52 (full 0):
 garbage-first heap   total 239616K, used 144616K [0x0000000083e00000, 0x0000000100000000)
  region size 1024K, 72 young (73728K), 9 survivors (9216K)
 Metaspace       used 45619K, committed 46144K, reserved 1114112K
  class space    used 5770K, committed 6016K, reserved 1048576K
}
Event: 546.025 GC heap after
{Heap after GC invocations=53 (full 0):
 garbage-first heap   total 239616K, used 82554K [0x0000000083e00000, 0x0000000100000000)
  region size 1024K, 8 young (8192K), 8 survivors (8192K)
 Metaspace       used 45619K, committed 46144K, reserved 1114112K
  class space    used 5770K, committed 6016K, reserved 1048576K
}

